0
1
1
2
3
5
8
13
21
34
55
89
144
233
377
610
987
1597
2584
4181
6765
10946
17711
28657
46368
75025
121393
196418
317811
514229
832040
1346269
2178309
3524578
5702887
9227465
14930352
24157817
39088169
63245986
102334155
165580141
267914296
433494437
701408733
1134903170
1836311903
2971215073
4807526976
7778742049
12586269025
20365011074
32951280099
53316291173
86267571272
139583862445
225851433717
365435296162
591286729879
956722026041
1548008755920
2504730781961
4052739537881
6557470319842
10610209857723
17167680177565
27777890035288
44945570212853
72723460248141
117669030460994
190392490709135
308061521170129
498454011879264
806515533049393
1304969544928657
2111485077978050
3416454622906707
5527939700884757
8944394323791464
14472334024676221
23416728348467685
37889062373143906
61305790721611591
99194853094755497
160500643816367088
259695496911122585
420196140727489673
679891637638612258
100087778366101931
779979416004714189
880067194370816120
660046610375530309
540113804746346429
200160415121876738
740274219868223167
940434634990099905
680708854858323072
621143489848422977
301852344706746049
922995834555169026
224848179261915075
147844013817084101
372692193078999176
520536206896083277
893228399975082453
413764606871165730
306993006846248183
720757613717413913
27750620563662096
748508234281076009
776258854844738105
524767089125814114
301025943970552219
825793033096366333
126818977066918552
952612010163284885
79430987230203437
32042997393488322
111473984623691759
143516982017180081
254990966640871840
398507948658051921
653498915298923761
52006863956975682
705505779255899443
757512643212875125
463018422468774568
220531065681649693
683549488150424261
904080553832073954
587630041982498215
491710595814572169
79340637797070384
571051233611642553
650391871408712937
221443105020355490
871834976429068427
93278081449423917
965113057878492344
58391139327916261
23504197206408605
81895336534324866
105399533740733471
187294870275058337
292694404015791808
479989274290850145
772683678306641953
252672952597492098
25356630904134051
278029583501626149
303386214405760200
581415797907386349
884802012313146549
466217810220532898
351019822533679447
817237632754212345
168257455287891792
985495088042104137
153752543329995929
139247631372100066
293000174702095995
432247806074196061
725247980776292056
157495786850488117
882743767626780173
40239554477268290
922983322104048463
963222876581316753
886206198685365216
849429075266681969
735635273952047185
585064349218729154
320699623170776339
905763972389505493
226463595560281832
132227567949787325
358691163510069157
490918731459856482
849609894969925639
340528626429782121
190138521399707760
530667147829489881
720805669229197641
251472817058687522
972278486287885163
223751303346572685
196029789634457848
419781092981030533
615810882615488381
35591975596518914
651402858212007295
686994833808526209
338397692020533504
25392525829059713
363790217849593217
389182743678652930
752972961528246147
142155705206899077
895128666735145224
37284371942044301
932413038677189525
969697410619233826
902110449296423351
871807859915657177
773918309212080528
645726169127737705
419644478339818233
65370647467555938
485015125807374171
550385773274930109
35400899082304280
585786672357234389
621187571439538669
206974243796773058
828161815236311727
35136059033084785
863297874269396512
898433933302481297
761731807571877809
660165740874359106
421897548446236915
82063289320596021
503960837766832936
586024127087428957
89984964854261893
676009091941690850
765994056795952743
442003148737643593
207997205533596336
650000354271239929
857997559804836265
507997914076076194
365995473880912459
873993387956988653
239988861837901112
113982249794889765
353971111632790877
467953361427680642
821924473060471519
289877834488152161
111802307548623680
401680142036775841
513482449585399521
915162591622175362
428645041207574883
343807632829750245
772452674037325128
116260306867075373
888712980904400501
4973287771475874
893686268675876375
898659556447352249
792345825123228624
691005381570580873
483351206693809497
174356588264390370
657707794958199867
832064383222590237
489772178180790104
321836561403380341
811608739584170445
133445300987550786
945054040571721231
78499341559272017
23553382130993248
102052723690265265
125606105821258513
227658829511523778
353264935332782291
580923764844306069
934188700177088360
515112465021394429
449301165198482789
964413630219877218
413714795418360007
378128425638237225
791843221056597232
169971646694834457
961814867751431689
131786514446266146
93601382197697835
225387896643963981
318989278841661816
544377175485625797
863366454327287613
407743629812913410
271110084140201023
678853713953114433
949963798093315456
628817512046429889
578781310139745345
207598822186175234
786380132325920579
993978954512095813
780359086838016392
774338041350112205
554697128188128597
329035169538240802
883732297726369399
212767467264610201
96499764990979600
309267232255589801
405766997246569401
715034229502159202
120801226748728603
835835456250887805
956636682999616408
792472139250504213
749108822250120621
541580961500624834
290689783750745455
832270745251370289
122960529002115744
955231274253486033
78191803255601777
33423077509087810
111614880764689587
145037958273777397
256652839038466984
401690797312244381
658343636350711365
60034433662955746
718378070013667111
778412503676622857
496790573690289968
275203077366912825
771993651057202793
47196728424115618
819190379481318411
866387107905434029
685577487386752440
551964595292186469
237542082678938909
789506677971125378
27048760650064287
816555438621189665
843604199271253952
660159637892443617
503763837163697569
163923475056141186
667687312219838755
831610787275979941
499298099495818696
330908886771798637
830206986267617333
161115873039415970
991322859307033303
152438732346449273
143761591653482576
296200323999931849
439961915653414425
736162239653346274
176124155306760699
912286394960106973
88410550266867672
696945226974645
89107495493842317
89804440720816962
178911936214659279
268716376935476241
447628313150135520
716344690085611761
163973003235747281
880317693321359042
44290696557106323
924608389878465365
968899086435571688
893507476314037053
862406562749608741
755914039063645794
618320601813254535
374234640876900329
992555242690154864
366789883567055193
359345126257210057
726135009824265250
85480136081475307
811615145905740557
897095281987215864
708710427892956421
605805709880172285
314516137773128706
920321847653300991
234837985426429697
155159833079730688
389997818506160385
545157651585891073
935155470092051458
480313121677942531
415468591769993989
895781713447936520
311250305217930509
207032018665867029
518282323883797538
725314342549664567
243596666433462105
968911008983126672
212507675416588777
181418684399715449
393926359816304226
